<?xml version="1.0" encoding="UTF-8"?>
<!-- Generated by org.testng.reporters.JUnitReportReporter -->
<testsuite skipped="0" hostname="VishalKumar-Ja" name="packageone.Sumvalidationone" tests="1" failures="0" timestamp="05 Aug 2020 15:53:19 GMT" time="1.058" errors="0">
  <testcase name="sumOfCourses" time="1.058" classname="packageone.Sumvalidationone"/>
</testsuite> <!-- packageone.Sumvalidationone -->
